0 info it worked if it ends with ok
1 verbose cli [ '/usr/bin/node',
1 verbose cli   '/usr/bin/npm',
1 verbose cli   'install',
1 verbose cli   '-g',
1 verbose cli   'cordova',
1 verbose cli   'ionic' ]
2 info using npm@1.4.28
3 info using node@v0.10.37
4 verbose node symlink /usr/bin/node
5 verbose cache add [ 'cordova', null ]
6 verbose cache add name=undefined spec="cordova" args=["cordova",null]
7 verbose parsed url { protocol: null,
7 verbose parsed url   slashes: null,
7 verbose parsed url   auth: null,
7 verbose parsed url   host: null,
7 verbose parsed url   port: null,
7 verbose parsed url   hostname: null,
7 verbose parsed url   hash: null,
7 verbose parsed url   search: null,
7 verbose parsed url   query: null,
7 verbose parsed url   pathname: 'cordova',
7 verbose parsed url   path: 'cordova',
7 verbose parsed url   href: 'cordova' }
8 verbose cache add [ 'ionic', null ]
9 verbose cache add name=undefined spec="ionic" args=["ionic",null]
10 verbose parsed url { protocol: null,
10 verbose parsed url   slashes: null,
10 verbose parsed url   auth: null,
10 verbose parsed url   host: null,
10 verbose parsed url   port: null,
10 verbose parsed url   hostname: null,
10 verbose parsed url   hash: null,
10 verbose parsed url   search: null,
10 verbose parsed url   query: null,
10 verbose parsed url   pathname: 'ionic',
10 verbose parsed url   path: 'ionic',
10 verbose parsed url   href: 'ionic' }
11 silly lockFile a98f2055-cordova cordova
12 verbose lock cordova /home/armando.couto/.npm/a98f2055-cordova.lock
13 silly lockFile 00d10074-ionic ionic
14 verbose lock ionic /home/armando.couto/.npm/00d10074-ionic.lock
15 silly lockFile a98f2055-cordova cordova
16 silly lockFile a98f2055-cordova cordova
17 verbose addNamed [ 'cordova', '' ]
18 verbose addNamed [ null, '*' ]
19 silly lockFile de8d9fad-cordova cordova@
20 verbose lock cordova@ /home/armando.couto/.npm/de8d9fad-cordova.lock
21 silly lockFile 00d10074-ionic ionic
22 silly lockFile 00d10074-ionic ionic
23 silly addNameRange { name: 'cordova', range: '*', hasData: false }
24 verbose addNamed [ 'ionic', '' ]
25 verbose addNamed [ null, '*' ]
26 silly lockFile 966fc04a-ionic ionic@
27 verbose lock ionic@ /home/armando.couto/.npm/966fc04a-ionic.lock
28 silly addNameRange { name: 'ionic', range: '*', hasData: false }
29 verbose request where is /cordova
30 verbose request registry https://registry.npmjs.org/
31 verbose request id 780a037fbd3b5cd2
32 verbose url raw /cordova
33 verbose url resolving [ 'https://registry.npmjs.org/', './cordova' ]
34 verbose url resolved https://registry.npmjs.org/cordova
35 verbose request where is https://registry.npmjs.org/cordova
36 info trying registry request attempt 1 at 18:31:58
37 verbose etag "3TVNKAOETE3ABN4N01ZO1SQ3O"
38 http GET https://registry.npmjs.org/cordova
39 verbose request where is /ionic
40 verbose request registry https://registry.npmjs.org/
41 verbose url raw /ionic
42 verbose url resolving [ 'https://registry.npmjs.org/', './ionic' ]
43 verbose url resolved https://registry.npmjs.org/ionic
44 verbose request where is https://registry.npmjs.org/ionic
45 info trying registry request attempt 1 at 18:31:58
46 verbose etag "LT9ZCDKT9HS5TRGUD78V086G"
47 http GET https://registry.npmjs.org/ionic
48 http 200 https://registry.npmjs.org/ionic
49 silly registry.get cb [ 200,
49 silly registry.get   { server: 'CouchDB/1.5.0 (Erlang OTP/R16B03)',
49 silly registry.get     etag: '"87T7D0OYEIM48LBAK65KDNHCC"',
49 silly registry.get     'content-type': 'application/json',
49 silly registry.get     'cache-control': 'max-age=60',
49 silly registry.get     'content-length': '545764',
49 silly registry.get     'accept-ranges': 'bytes',
49 silly registry.get     date: 'Wed, 21 Oct 2015 21:31:59 GMT',
49 silly registry.get     via: '1.1 varnish',
49 silly registry.get     age: '35',
49 silly registry.get     connection: 'keep-alive',
49 silly registry.get     'x-served-by': 'cache-jfk1024-JFK',
49 silly registry.get     'x-cache': 'HIT',
49 silly registry.get     'x-cache-hits': '15',
49 silly registry.get     'x-timer': 'S1445463119.844670,VS0,VE0',
49 silly registry.get     vary: 'Accept' } ]
50 silly addNameRange number 2 { name: 'ionic', range: '*', hasData: true }
51 silly addNameRange versions [ 'ionic',
51 silly addNameRange   [ '0.9.6',
51 silly addNameRange     '0.9.8',
51 silly addNameRange     '0.9.9',
51 silly addNameRange     '0.9.10',
51 silly addNameRange     '0.9.11',
51 silly addNameRange     '0.9.12',
51 silly addNameRange     '0.9.13',
51 silly addNameRange     '0.9.14',
51 silly addNameRange     '0.9.15',
51 silly addNameRange     '0.9.16',
51 silly addNameRange     '1.0.0-beta.1',
51 silly addNameRange     '1.0.0-beta',
51 silly addNameRange     '1.0.1-beta',
51 silly addNameRange     '1.0.3-beta',
51 silly addNameRange     '1.0.4',
51 silly addNameRange     '1.0.5',
51 silly addNameRange     '1.0.6',
51 silly addNameRange     '1.0.7',
51 silly addNameRange     '1.0.8',
51 silly addNameRange     '1.0.9',
51 silly addNameRange     '1.0.10',
51 silly addNameRange     '1.0.11',
51 silly addNameRange     '1.0.12',
51 silly addNameRange     '1.0.13',
51 silly addNameRange     '1.0.14',
51 silly addNameRange     '1.0.15',
51 silly addNameRange     '1.0.16',
51 silly addNameRange     '1.0.17',
51 silly addNameRange     '1.1.0-beta1',
51 silly addNameRange     '1.1.0-beta2',
51 silly addNameRange     '1.1.0-beta3',
51 silly addNameRange     '1.1.0-beta4',
51 silly addNameRange     '1.1.0-beta5',
51 silly addNameRange     '1.1.0-beta6',
51 silly addNameRange     '1.1.0',
51 silly addNameRange     '1.1.1-beta1',
51 silly addNameRange     '1.1.1-beta2',
51 silly addNameRange     '1.1.1-beta3',
51 silly addNameRange     '1.1.1',
51 silly addNameRange     '1.1.3',
51 silly addNameRange     '1.1.4',
51 silly addNameRange     '1.1.5-beta1',
51 silly addNameRange     '1.1.5-beta2',
51 silly addNameRange     '1.1.5-beta3',
51 silly addNameRange     '1.1.5-beta4',
51 silly addNameRange     '1.1.5-beta5',
51 silly addNameRange     '1.1.5',
51 silly addNameRange     '1.1.6',
51 silly addNameRange     '1.1.7-beta1',
51 silly addNameRange     '1.1.7',
51 silly addNameRange     '1.1.8-beta1',
51 silly addNameRange     '1.1.8-beta2',
51 silly addNameRange     '1.1.8-beta3',
51 silly addNameRange     '1.1.8-beta4',
51 silly addNameRange     '1.1.8-beta5',
51 silly addNameRange     '1.1.8',
51 silly addNameRange     '1.1.9-beta1',
51 silly addNameRange     '1.1.9',
51 silly addNameRange     '1.1.10',
51 silly addNameRange     '1.1.11-beta1',
51 silly addNameRange     '1.1.11-beta2',
51 silly addNameRange     '1.1.11',
51 silly addNameRange     '1.1.12-beta1',
51 silly addNameRange     '1.1.12-beta2',
51 silly addNameRange     '1.1.12-beta3',
51 silly addNameRange     '1.1.12',
51 silly addNameRange     '1.1.13',
51 silly addNameRange     '1.1.14-beta1',
51 silly addNameRange     '1.1.14-beta2',
51 silly addNameRange     '1.1.14-beta3',
51 silly addNameRange     '1.2.0-beta1',
51 silly addNameRange     '1.2.0',
51 silly addNameRange     '1.2.1-beta1',
51 silly addNameRange     '1.2.1-beta2',
51 silly addNameRange     '1.2.1-beta3',
51 silly addNameRange     '1.2.1-beta4',
51 silly addNameRange     '1.2.1',
51 silly addNameRange     '1.2.2',
51 silly addNameRange     '1.2.3-beta1',
51 silly addNameRange     '1.2.3-beta2',
51 silly addNameRange     '1.2.3-beta3',
51 silly addNameRange     '1.2.3',
51 silly addNameRange     '1.2.4-beta1',
51 silly addNameRange     '1.2.4-beta2',
51 silly addNameRange     '1.2.4-beta3',
51 silly addNameRange     '1.2.4',
51 silly addNameRange     '1.2.5-beta1',
51 silly addNameRange     '1.2.5-beta2',
51 silly addNameRange     '1.2.5-beta3',
51 silly addNameRange     '1.2.5',
51 silly addNameRange     '1.2.6-beta1',
51 silly addNameRange     '1.2.6-beta2',
51 silly addNameRange     '1.2.6-beta3',
51 silly addNameRange     '1.2.6',
51 silly addNameRange     '1.2.7',
51 silly addNameRange     '1.2.8-beta1',
51 silly addNameRange     '1.2.8-beta2',
51 silly addNameRange     '1.2.8',
51 silly addNameRange     '1.2.9',
51 silly addNameRange     '1.2.10',
51 silly addNameRange     '1.2.11',
51 silly addNameRange     '1.2.12',
51 silly addNameRange     '1.2.13',
51 silly addNameRange     '1.2.14-beta1',
51 silly addNameRange     '1.2.14-beta2',
51 silly addNameRange     '1.2.14-beta3',
51 silly addNameRange     '1.2.14-beta4',
51 silly addNameRange     '1.2.14-beta5',
51 silly addNameRange     '1.2.14-beta6',
51 silly addNameRange     '1.2.14',
51 silly addNameRange     '1.3.0-beta1',
51 silly addNameRange     '1.3.0',
51 silly addNameRange     '1.3.1',
51 silly addNameRange     '1.3.2',
51 silly addNameRange     '1.3.3',
51 silly addNameRange     '1.3.4',
51 silly addNameRange     '1.3.5',
51 silly addNameRange     '1.3.6',
51 silly addNameRange     '1.3.7',
51 silly addNameRange     '1.3.8',
51 silly addNameRange     '1.3.9',
51 silly addNameRange     '1.3.10',
51 silly addNameRange     '1.4.0-alpha.1',
51 silly addNameRange     '1.3.11',
51 silly addNameRange     '1.3.1-1.alpha.0',
51 silly addNameRange     '1.4.0-alpha.2',
51 silly addNameRange     '1.3.12',
51 silly addNameRange     '1.3.12-beta.1',
51 silly addNameRange     '1.3.12-beta.2',
51 silly addNameRange     '1.3.13-beta.0',
51 silly addNameRange     '1.3.1-3.beta.1',
51 silly addNameRange     '1.3.1-3.beta.2',
51 silly addNameRange     '1.3.13',
51 silly addNameRange     '1.3.1-3.beta.4',
51 silly addNameRange     '1.3.14-beta',
51 silly addNameRange     '1.3.14-beta.1',
51 silly addNameRange     '1.4.0-alpha.3',
51 silly addNameRange     '1.3.14',
51 silly addNameRange     '1.4.0-alpha.4',
51 silly addNameRange     '1.4.0-alpha.5',
51 silly addNameRange     '1.3.15-beta.0',
51 silly addNameRange     '1.3.15-beta.1',
51 silly addNameRange     '1.3.15-beta.2',
51 silly addNameRange     '1.3.15-beta.3',
51 silly addNameRange     '1.3.15-beta.4',
51 silly addNameRange     '1.3.15',
51 silly addNameRange     '1.3.16',
51 silly addNameRange     '1.4.0-alpha.6',
51 silly addNameRange     '1.3.17-beta.0',
51 silly addNameRange     '1.3.17-beta.1',
51 silly addNameRange     '1.3.17-beta.2',
51 silly addNameRange     '1.3.17-beta.3',
51 silly addNameRange     '1.3.1-7.beta.4',
51 silly addNameRange     '1.3.17',
51 silly addNameRange     '1.3.18-beta.0',
51 silly addNameRange     '1.3.18-beta.1',
51 silly addNameRange     '1.3.18-beta.2',
51 silly addNameRange     '1.3.18-beta.3',
51 silly addNameRange     '1.3.18',
51 silly addNameRange     '1.3.19-beta.0',
51 silly addNameRange     '1.3.19-beta.1',
51 silly addNameRange     '1.3.19-beta.2',
51 silly addNameRange     '1.3.19-beta.3',
51 silly addNameRange     '1.3.19-beta.4',
51 silly addNameRange     '1.3.19',
51 silly addNameRange     '1.3.20',
51 silly addNameRange     '1.4.1-beta.0',
51 silly addNameRange     '1.4.0-beta.1',
51 silly addNameRange     '1.4.0-beta.2',
51 silly addNameRange     '1.4.0-beta.3',
51 silly addNameRange     '1.4.0-beta.5',
51 silly addNameRange     '1.4.0-beta.6',
51 silly addNameRange     '1.4.0-beta.7',
51 silly addNameRange     '1.3.21-beta.0',
51 silly addNameRange     '1.3.21-beta.1',
51 silly addNameRange     '1.3.21',
51 silly addNameRange     '1.3.22',
51 silly addNameRange     '1.4.0-beta.8',
51 silly addNameRange     '1.4.0-beta.9',
51 silly addNameRange     '1.4.0-beta.10',
51 silly addNameRange     '1.4.0-beta.11',
51 silly addNameRange     '1.4.0-beta.12',
51 silly addNameRange     '1.4.0-beta.13',
51 silly addNameRange     '1.4.0-beta.14',
51 silly addNameRange     '1.4.0-beta.15',
51 silly addNameRange     '1.4.0-beta.16',
51 silly addNameRange     '1.4.0-beta.17',
51 silly addNameRange     '1.4.0-beta.18',
51 silly addNameRange     '1.4.0',
51 silly addNameRange     '1.4.1',
51 silly addNameRange     '1.4.2',
51 silly addNameRange     '1.4.3',
51 silly addNameRange     '1.4.4-beta.0',
51 silly addNameRange     '1.4.4-beta.2',
51 silly addNameRange     '1.4.4',
51 silly addNameRange     '1.4.5-beta.0',
51 silly addNameRange     '1.4.5-beta.1',
51 silly addNameRange     '1.4.5-beta.2',
51 silly addNameRange     '1.4.5-beta.3',
51 silly addNameRange     '1.4.5',
51 silly addNameRange     '1.4.6-beta.0',
51 silly addNameRange     '1.4.6',
51 silly addNameRange     '1.4.7',
51 silly addNameRange     '1.4.8',
51 silly addNameRange     '1.5.0-beta.0',
51 silly addNameRange     '1.5.0-beta.1',
51 silly addNameRange     '1.5.0',
51 silly addNameRange     '1.5.1-beta.0',
51 silly addNameRange     '1.5.1-beta.1',
51 silly addNameRange     '1.5.1-beta.2',
51 silly addNameRange     '1.5.1-beta.3',
51 silly addNameRange     '1.5.1-beta.4',
51 silly addNameRange     '1.5.1',
51 silly addNameRange     '1.5.2',
51 silly addNameRange     '1.5.3',
51 silly addNameRange     '1.5.4',
51 silly addNameRange     '1.5.5',
51 silly addNameRange     '1.6.0-beta.1',
51 silly addNameRange     '1.6.0',
51 silly addNameRange     '1.6.1',
51 silly addNameRange     '1.6.2-beta.0',
51 silly addNameRange     '1.6.2-beta.1',
51 silly addNameRange     '1.6.2-beta.2',
51 silly addNameRange     '1.6.2',
51 silly addNameRange     '1.6.3-beta.0',
51 silly addNameRange     '1.6.3-beta.1',
51 silly addNameRange     '1.6.3',
51 silly addNameRange     '1.6.4-beta.0',
51 silly addNameRange     '1.6.4-beta.1',
51 silly addNameRange     '1.6.4',
51 silly addNameRange     '1.7.0-beta.0',
51 silly addNameRange     '1.7.0-beta.1',
51 silly addNameRange     '1.7.0-beta.2',
51 silly addNameRange     '1.7.0-beta.3',
51 silly addNameRange     '2.0.0-alpha.1',
51 silly addNameRange     '2.0.0-alpha.3',
51 silly addNameRange     '1.7.0-beta.4',
51 silly addNameRange     '1.6.5-testing.0',
51 silly addNameRange     '1.6.5-testing.1',
51 silly addNameRange     '1.6.5-testing.2',
51 silly addNameRange     '1.6.5-testing.3',
51 silly addNameRange     '1.6.5',
51 silly addNameRange     '2.0.0-alpha.4',
51 silly addNameRange     '1.7.0-beta.5',
51 silly addNameRange     '1.7.0-beta.6',
51 silly addNameRange     '1.7.0',
51 silly addNameRange     '2.0.0-alpha.5',
51 silly addNameRange     '2.0.0-alpha.6',
51 silly addNameRange     '1.7.1',
51 silly addNameRange     '2.0.0-alpha.7',
51 silly addNameRange     '2.0.0-alpha.8',
51 silly addNameRange     '1.7.2',
51 silly addNameRange     '1.7.3',
51 silly addNameRange     '1.7.4',
51 silly addNameRange     '1.7.5',
51 silly addNameRange     '1.7.6',
51 silly addNameRange     '1.7.7-beta.0',
51 silly addNameRange     '2.0.0-alpha.9',
51 silly addNameRange     '1.7.7' ] ]
52 verbose addNamed [ 'ionic', '1.7.7' ]
53 verbose addNamed [ '1.7.7', '1.7.7' ]
54 silly lockFile 1ab96f84-ionic-1-7-7 ionic@1.7.7
55 verbose lock ionic@1.7.7 /home/armando.couto/.npm/1ab96f84-ionic-1-7-7.lock
56 http 200 https://registry.npmjs.org/cordova
57 silly registry.get cb [ 200,
57 silly registry.get   { server: 'CouchDB/1.5.0 (Erlang OTP/R16B03)',
57 silly registry.get     etag: '"AJOQL8H8QNI2KY1DZ4YPC7FFG"',
57 silly registry.get     'content-type': 'application/json',
57 silly registry.get     'cache-control': 'max-age=60',
57 silly registry.get     'content-length': '363739',
57 silly registry.get     'accept-ranges': 'bytes',
57 silly registry.get     date: 'Wed, 21 Oct 2015 21:31:59 GMT',
57 silly registry.get     via: '1.1 varnish',
57 silly registry.get     age: '0',
57 silly registry.get     connection: 'keep-alive',
57 silly registry.get     'x-served-by': 'cache-jfk1033-JFK',
57 silly registry.get     'x-cache': 'HIT',
57 silly registry.get     'x-cache-hits': '1',
57 silly registry.get     'x-timer': 'S1445463119.853973,VS0,VE93',
57 silly registry.get     vary: 'Accept' } ]
58 silly addNameRange number 2 { name: 'cordova', range: '*', hasData: true }
59 silly addNameRange versions [ 'cordova',
59 silly addNameRange   [ '0.0.1',
59 silly addNameRange     '0.0.2',
59 silly addNameRange     '0.0.3',
59 silly addNameRange     '0.0.4',
59 silly addNameRange     '0.0.5',
59 silly addNameRange     '0.0.6',
59 silly addNameRange     '0.0.7',
59 silly addNameRange     '0.0.8',
59 silly addNameRange     '0.0.9',
59 silly addNameRange     '0.1.0',
59 silly addNameRange     '0.1.1',
59 silly addNameRange     '0.1.2',
59 silly addNameRange     '0.1.3',
59 silly addNameRange     '0.1.4',
59 silly addNameRange     '0.1.5',
59 silly addNameRange     '0.1.6',
59 silly addNameRange     '0.1.7',
59 silly addNameRange     '0.1.8',
59 silly addNameRange     '0.1.9',
59 silly addNameRange     '0.1.10',
59 silly addNameRange     '0.1.11',
59 silly addNameRange     '0.1.12',
59 silly addNameRange     '0.1.13',
59 silly addNameRange     '0.1.14',
59 silly addNameRange     '2.2.0',
59 silly addNameRange     '2.3.0',
59 silly addNameRange     '2.3.1',
59 silly addNameRange     '2.3.2',
59 silly addNameRange     '2.3.3',
59 silly addNameRange     '2.3.5',
59 silly addNameRange     '2.3.6',
59 silly addNameRange     '2.4.0',
59 silly addNameRange     '2.4.1',
59 silly addNameRange     '2.4.2',
59 silly addNameRange     '2.4.3',
59 silly addNameRange     '2.4.4',
59 silly addNameRange     '2.4.5',
59 silly addNameRange     '2.4.6',
59 silly addNameRange     '2.4.7',
59 silly addNameRange     '2.4.8',
59 silly addNameRange     '2.4.9',
59 silly addNameRange     '2.4.10',
59 silly addNameRange     '2.5.0',
59 silly addNameRange     '2.5.2',
59 silly addNameRange     '2.5.3',
59 silly addNameRange     '2.5.4',
59 silly addNameRange     '2.5.5',
59 silly addNameRange     '2.6.0',
59 silly addNameRange     '2.6.1',
59 silly addNameRange     '2.6.2',
59 silly addNameRange     '2.7.0-rc.1',
59 silly addNameRange     '2.7.1-rc.1',
59 silly addNameRange     '2.7.2',
59 silly addNameRange     '2.7.3',
59 silly addNameRange     '2.7.4',
59 silly addNameRange     '2.8.0',
59 silly addNameRange     '2.8.1',
59 silly addNameRange     '2.8.2',
59 silly addNameRange     '2.8.3',
59 silly addNameRange     '2.8.4',
59 silly addNameRange     '2.8.5',
59 silly addNameRange     '2.8.6',
59 silly addNameRange     '2.8.7',
59 silly addNameRange     '2.8.8',
59 silly addNameRange     '2.8.9',
59 silly addNameRange     '2.8.10',
59 silly addNameRange     '2.8.11',
59 silly addNameRange     '2.8.12',
59 silly addNameRange     '2.8.13',
59 silly addNameRange     '2.8.14',
59 silly addNameRange     '2.8.15',
59 silly addNameRange     '2.8.16',
59 silly addNameRange     '2.8.17',
59 silly addNameRange     '2.8.18',
59 silly addNameRange     '2.8.19',
59 silly addNameRange     '2.8.20',
59 silly addNameRange     '2.8.21',
59 silly addNameRange     '2.8.22',
59 silly addNameRange     '2.8.23',
59 silly addNameRange     '2.8.24',
59 silly addNameRange     '2.8.25',
59 silly addNameRange     '2.9.0',
59 silly addNameRange     '2.9.1',
59 silly addNameRange     '2.9.2',
59 silly addNameRange     '2.9.3',
59 silly addNameRange     '2.9.4',
59 silly addNameRange     '2.9.5',
59 silly addNameRange     '2.9.6',
59 silly addNameRange     '2.9.7',
59 silly addNameRange     '3.0.0-rc1',
59 silly addNameRange     '3.0.0-rc1-1',
59 silly addNameRange     '3.0.0-rc1-3',
59 silly addNameRange     '3.0.0',
59 silly addNameRange     '3.0.1',
59 silly addNameRange     '3.0.2',
59 silly addNameRange     '3.0.3',
59 silly addNameRange     '3.0.4',
59 silly addNameRange     '3.0.5',
59 silly addNameRange     '3.0.6',
59 silly addNameRange     '3.0.7',
59 silly addNameRange     '3.0.8',
59 silly addNameRange     '3.0.9',
59 silly addNameRange     '3.0.10',
59 silly addNameRange     '3.1.0-0.1.0',
59 silly addNameRange     '3.1.0-0.2.0',
59 silly addNameRange     '3.2.0-rc.1',
59 silly addNameRange     '3.2.0-0.1.0',
59 silly addNameRange     '3.2.0-0.2.0',
59 silly addNameRange     '3.2.0-0.3.0',
59 silly addNameRange     '3.2.0-0.4.0',
59 silly addNameRange     '3.3.0-rc.1',
59 silly addNameRange     '3.3.0-0.1.1',
59 silly addNameRange     '3.3.1-0.1.2',
59 silly addNameRange     '2.9.0-rc1',
59 silly addNameRange     '3.3.1-0.3.0',
59 silly addNameRange     '3.3.1-0.3.1',
59 silly addNameRange     '3.3.1-0.4.1',
59 silly addNameRange     '3.3.1-0.4.2',
59 silly addNameRange     '3.4.0-0.1.0',
59 silly addNameRange     '3.4.0-0.1.1',
59 silly addNameRange     '3.4.0-0.1.2',
59 silly addNameRange     '3.4.0-0.1.3',
59 silly addNameRange     '0.0.0-fake',
59 silly addNameRange     '3.4.1-0.1.0',
59 silly addNameRange     '3.5.0-0.2.0',
59 silly addNameRange     '3.5.0-0.2.1',
59 silly addNameRange     '3.5.0-0.2.2',
59 silly addNameRange     '3.5.0-0.2.3',
59 silly addNameRange     '3.5.0-0.2.4',
59 silly addNameRange     '3.5.0-0.2.6',
59 silly addNameRange     '3.5.0-0.2.7',
59 silly addNameRange     '3.6.0-0.2.8',
59 silly addNameRange     '3.6.0-0.2.9',
59 silly addNameRange     '3.6.1-0.2.10',
59 silly addNameRange     '3.6.3-0.2.11',
59 silly addNameRange     '3.6.3-0.2.12',
59 silly addNameRange     '3.6.3-0.2.13',
59 silly addNameRange     '4.0.0',
59 silly addNameRange     '4.0.1',
59 silly addNameRange     '4.1.0',
59 silly addNameRange     '4.1.1',
59 silly addNameRange     '4.1.2',
59 silly addNameRange     '4.1.3-nightly.2014.10.21',
59 silly addNameRange     '4.2.0',
59 silly addNameRange     '4.3.0',
59 silly addNameRange     '5.0.0',
59 silly addNameRange     '4.3.1',
59 silly addNameRange     '5.1.1',
59 silly addNameRange     '5.2.0',
59 silly addNameRange     '5.3.1',
59 silly addNameRange     '5.3.3' ] ]
60 verbose addNamed [ 'cordova', '5.3.3' ]
61 verbose addNamed [ '5.3.3', '5.3.3' ]
62 silly lockFile 32a3786c-cordova-5-3-3 cordova@5.3.3
63 verbose lock cordova@5.3.3 /home/armando.couto/.npm/32a3786c-cordova-5-3-3.lock
64 silly lockFile 7becdca7--npmjs-org-ionic-ionic-1-7-7-tgz https://registry.npmjs.org/ionic/-/ionic-1.7.7.tgz
65 verbose lock https://registry.npmjs.org/ionic/-/ionic-1.7.7.tgz /home/armando.couto/.npm/7becdca7--npmjs-org-ionic-ionic-1-7-7-tgz.lock
66 verbose addRemoteTarball [ 'https://registry.npmjs.org/ionic/-/ionic-1.7.7.tgz',
66 verbose addRemoteTarball   'dcf2e1b290abab417e77f07a980e798ae83518bc' ]
67 silly lockFile 30dc52a9-js-org-cordova-cordova-5-3-3-tgz https://registry.npmjs.org/cordova/-/cordova-5.3.3.tgz
68 verbose lock https://registry.npmjs.org/cordova/-/cordova-5.3.3.tgz /home/armando.couto/.npm/30dc52a9-js-org-cordova-cordova-5-3-3-tgz.lock
69 verbose addRemoteTarball [ 'https://registry.npmjs.org/cordova/-/cordova-5.3.3.tgz',
69 verbose addRemoteTarball   'd8933ea57cf4d390a1c86d0b43def76f61fb4d76' ]
70 info retry fetch attempt 1 at 18:31:59
71 verbose fetch to= /tmp/npm-27574-zxnVB83S/registry.npmjs.org/ionic/-/ionic-1.7.7.tgz
72 http GET https://registry.npmjs.org/ionic/-/ionic-1.7.7.tgz
73 info retry fetch attempt 1 at 18:31:59
74 verbose fetch to= /tmp/npm-27574-zxnVB83S/registry.npmjs.org/cordova/-/cordova-5.3.3.tgz
75 http GET https://registry.npmjs.org/cordova/-/cordova-5.3.3.tgz
76 http 200 https://registry.npmjs.org/ionic/-/ionic-1.7.7.tgz
77 http 200 https://registry.npmjs.org/cordova/-/cordova-5.3.3.tgz
78 silly lockFile 7becdca7--npmjs-org-ionic-ionic-1-7-7-tgz https://registry.npmjs.org/ionic/-/ionic-1.7.7.tgz
79 silly lockFile 7becdca7--npmjs-org-ionic-ionic-1-7-7-tgz https://registry.npmjs.org/ionic/-/ionic-1.7.7.tgz
80 silly lockFile 1ab96f84-ionic-1-7-7 ionic@1.7.7
81 silly lockFile 1ab96f84-ionic-1-7-7 ionic@1.7.7
82 silly lockFile 966fc04a-ionic ionic@
83 silly lockFile 966fc04a-ionic ionic@
84 silly lockFile 30dc52a9-js-org-cordova-cordova-5-3-3-tgz https://registry.npmjs.org/cordova/-/cordova-5.3.3.tgz
85 silly lockFile 30dc52a9-js-org-cordova-cordova-5-3-3-tgz https://registry.npmjs.org/cordova/-/cordova-5.3.3.tgz
86 silly lockFile 32a3786c-cordova-5-3-3 cordova@5.3.3
87 silly lockFile 32a3786c-cordova-5-3-3 cordova@5.3.3
88 silly lockFile de8d9fad-cordova cordova@
89 silly lockFile de8d9fad-cordova cordova@
90 error Error: EACCES, mkdir '/home/armando.couto/.npm/ionic/1.7.7'
90 error  { [Error: EACCES, mkdir '/home/armando.couto/.npm/ionic/1.7.7']
90 error   errno: 3,
90 error   code: 'EACCES',
90 error   path: '/home/armando.couto/.npm/ionic/1.7.7' }
91 error Please try running this command again as root/Administrator.
92 error System Linux 3.5.0-54-generic
93 error command "/usr/bin/node" "/usr/bin/npm" "install" "-g" "cordova" "ionic"
94 error cwd /home/armando.couto/workspace/controleDeVendasHTML5
95 error node -v v0.10.37
96 error npm -v 1.4.28
97 error path /home/armando.couto/.npm/ionic/1.7.7
98 error code EACCES
99 error errno 3
100 error stack Error: EACCES, mkdir '/home/armando.couto/.npm/ionic/1.7.7'
101 verbose exit [ 3, true ]
